<?xml version="1.0" encoding="UTF-8"?>
<testsuite xmlns:xsi="http://www.w3.org/2001/XMLSchema-instance" xsi:noNamespaceSchemaLocation="https://maven.apache.org/surefire/maven-surefire-plugin/xsd/surefire-test-report.xsd" name="tests.mobile_phone_replenisment.positive.MobilePhoneReplenismentTest" time="5.197" tests="1" errors="1" skipped="0" failures="0">
  <properties>
[...]
</properties>
  <testcase name="testMobilePhoneReplenisment" classname="tests.mobile_phone_replenisment.positive.MobilePhoneReplenismentTest" time="1.571">
    <error message="unknown error: net::ERR_NAME_NOT_RESOLVED&#10;  (Session info: chrome=103.0.5060.66)&#10;Build info: version: &apos;4.2.1&apos;, revision: &apos;ac4d0fdd4a&apos;&#10;System info: host: &apos;DESKTOP-GO6B3DD&apos;, ip: &apos;192.168.105.109&apos;, os.name: &apos;Windows 10&apos;, os.arch: &apos;amd64&apos;, os.version: &apos;10.0&apos;, java.version: &apos;17.0.2&apos;&#10;Driver info: org.openqa.selenium.chrome.ChromeDriver&#10;Command: [f0536c47d7c7dd30d28c84b61fe3e602, get {url=https://xxxepayments.orange.md/?l=2}]&#10;Capabilities {acceptInsecureCerts: false, browserName: chrome, browserVersion: 103.0.5060.66, chrome: {chromedriverVersion: 103.0.5060.53 (a1711811edd7..., userDataDir: C:\Users\Nastea\AppData\Loc...}, goog:chromeOptions: {debuggerAddress: localhost:56874}, networkConnectionEnabled: false, pageLoadStrategy: normal, platformName: WINDOWS, proxy: Proxy(), se:cdp: ws://localhost:56874/devtoo..., se:cdpVersion: 103.0.5060.66, setWindowRect: true, strictFileInteractability: false, timeouts: {implicit: 0, pageLoad: 300000, script: 30000}, unhandledPromptBehavior: dismiss and notify, webauthn:extension:credBlob: true, webauthn:extension:largeBlob: true, webauthn:virtualAuthenticators: true}&#10;Session ID: f0536c47d7c7dd30d28c84b61fe3e602" type="org.openqa.selenium.WebDriverException">org.openqa.selenium.WebDriverException: 
unknown error: net::ERR_NAME_NOT_RESOLVED
  (Session info: chrome=103.0.5060.66)
Build info: version: '4.2.1', revision: 'ac4d0fdd4a'
System info: host: 'DESKTOP-GO6B3DD', ip: '192.168.105.109', os.name: 'Windows 10', os.arch: 'amd64', os.version: '10.0', java.version: '17.0.2'
Driver info: org.openqa.selenium.chrome.ChromeDriver
Command: [f0536c47d7c7dd30d28c84b61fe3e602, get {url=https://xxxepayments.orange.md/?l=2}]
Capabilities {acceptInsecureCerts: false, browserName: chrome, browserVersion: 103.0.5060.66, chrome: {chromedriverVersion: 103.0.5060.53 (a1711811edd7..., userDataDir: C:\Users\Nastea\AppData\Loc...}, goog:chromeOptions: {debuggerAddress: localhost:56874}, networkConnectionEnabled: false, pageLoadStrategy: normal, platformName: WINDOWS, proxy: Proxy(), se:cdp: ws://localhost:56874/devtoo..., se:cdpVersion: 103.0.5060.66, setWindowRect: true, strictFileInteractability: false, timeouts: {implicit: 0, pageLoad: 300000, script: 30000}, unhandledPromptBehavior: dismiss and notify, webauthn:extension:credBlob: true, webauthn:extension:largeBlob: true, webauthn:virtualAuthenticators: true}
Session ID: f0536c47d7c7dd30d28c84b61fe3e602
	at tests.mobile_phone_replenisment.positive.MobilePhoneReplenismentTest.testMobilePhoneReplenisment(MobilePhoneReplenismentTest.java:14)
</error>
    <system-out><![CDATA[10:05:58.840 [AsyncHttpClient-1-1] DEBUG org.asynchttpclient.netty.channel.DefaultChannelPool - Entry count for : http://localhost:57714 : 1
10:05:58.842 [AsyncHttpClient-1-1] DEBUG org.asynchttpclient.netty.channel.DefaultChannelPool - Entry count for : http://localhost:56831 : 1
10:05:59.696 [AsyncHttpClient-1-5] DEBUG org.asynchttpclient.netty.channel.NettyConnectListener - Using new Channel '[id: 0xb73e6e40, L:/127.0.0.1:56873 - R:localhost/127.0.0.1:57076]' for 'POST' to '/session'
10:05:59.924 [AsyncHttpClient-1-1] DEBUG org.asynchttpclient.netty.channel.DefaultChannelPool - Entry count for : http://localhost:57714 : 1
10:05:59.924 [AsyncHttpClient-1-1] DEBUG org.asynchttpclient.netty.channel.DefaultChannelPool - Entry count for : http://localhost:56831 : 1
10:06:00.812 [AsyncHttpClient-1-5] DEBUG org.asynchttpclient.netty.handler.HttpHandler - 

Request DefaultHttpRequest(decodeResult: success, version: HTTP/1.1)
POST /session HTTP/1.1
User-Agent: selenium/4.2.1 (java windows)
Content-Length: 365
Content-Type: application/json; charset=utf-8
host: localhost:57076
accept: */*

Response DefaultHttpResponse(decodeResult: success, version: HTTP/1.1)
HTTP/1.1 200 OK
Content-Type: application/json; charset=utf-8
cache-control: no-cache
content-length: 789

10:06:00.812 [AsyncHttpClient-1-5] DEBUG org.asynchttpclient.netty.channel.ChannelManager - Adding key: http://localhost:57076 for channel [id: 0xb73e6e40, L:/127.0.0.1:56873 - R:localhost/127.0.0.1:57076]
10:06:00.854 [AsyncHttpClient-1-6] DEBUG org.asynchttpclient.netty.channel.NettyConnectListener - Using new Channel '[id: 0xa8cc04cb, L:/127.0.0.1:56880 - R:localhost/127.0.0.1:56874]' for 'GET' to '/json/version'
10:06:00.864 [AsyncHttpClient-1-6] DEBUG org.asynchttpclient.netty.handler.HttpHandler - 

Request DefaultFullHttpRequest(decodeResult: success, version: HTTP/1.1, content: EmptyByteBufBE)
GET /json/version HTTP/1.1
User-Agent: selenium/4.2.1 (java windows)
host: localhost:56874
accept: */*

Response DefaultHttpResponse(decodeResult: success, version: HTTP/1.1)
HTTP/1.1 200 OK
Content-Type: application/json; charset=UTF-8
content-length: 427

10:06:00.866 [AsyncHttpClient-1-6] DEBUG org.asynchttpclient.netty.channel.ChannelManager - Adding key: http://localhost:56874 for channel [id: 0xa8cc04cb, L:/127.0.0.1:56880 - R:localhost/127.0.0.1:56874]
10:06:00.878 [AsyncHttpClient-1-7] DEBUG org.asynchttpclient.netty.channel.NettyConnectListener - Using new Channel '[id: 0x8f3735e4, L:/127.0.0.1:56881 - R:localhost/127.0.0.1:56874]' for 'GET' to '/devtools/browser/5e4334e7-8151-45ce-af0a-6b24783a2d7f'
10:06:00.886 [AsyncHttpClient-1-7] DEBUG org.asynchttpclient.netty.handler.WebSocketHandler - 

Request DefaultFullHttpRequest(decodeResult: success, version: HTTP/1.1, content: EmptyByteBufBE)
GET /devtools/browser/5e4334e7-8151-45ce-af0a-6b24783a2d7f HTTP/1.1
upgrade: websocket
connection: upgrade
sec-websocket-key: 47Ok5jYjlzJOFbKiWSVvYQ==
sec-websocket-version: 13
origin: http://localhost:56874
host: localhost:56874
accept: */*
user-agent: AHC/2.1

Response DefaultHttpResponse(decodeResult: success, version: HTTP/1.1)
HTTP/1.1 101 WebSocket Protocol Handshake
Upgrade: WebSocket
Connection: Upgrade
Sec-WebSocket-Accept: VQ7jw6GLJK/JxVl5cGcKBdIMxDI=

10:06:00.912 [Forwarding maximizeCurrentWindow on session f0536c47d7c7dd30d28c84b61fe3e602 to remote] DEBUG org.asynchttpclient.netty.request.NettyRequestSender - Using pooled Channel '[id: 0xb73e6e40, L:/127.0.0.1:56873 - R:localhost/127.0.0.1:57076]' for 'POST' to 'http://localhost:57076/session/f0536c47d7c7dd30d28c84b61fe3e602/window/maximize'
10:06:00.912 [Forwarding maximizeCurrentWindow on session f0536c47d7c7dd30d28c84b61fe3e602 to remote] DEBUG org.asynchttpclient.netty.request.NettyRequestSender - Using open Channel [id: 0xb73e6e40, L:/127.0.0.1:56873 - R:localhost/127.0.0.1:57076] for POST '/session/f0536c47d7c7dd30d28c84b61fe3e602/window/maximize'
10:06:01.024 [AsyncHttpClient-1-1] DEBUG org.asynchttpclient.netty.channel.DefaultChannelPool - Entry count for : http://localhost:56874 : 1
10:06:01.024 [AsyncHttpClient-1-1] DEBUG org.asynchttpclient.netty.channel.DefaultChannelPool - Entry count for : http://localhost:57714 : 1
10:06:01.025 [AsyncHttpClient-1-1] DEBUG org.asynchttpclient.netty.channel.DefaultChannelPool - Entry count for : http://localhost:56831 : 1
10:06:01.088 [AsyncHttpClient-1-5] DEBUG org.asynchttpclient.netty.handler.HttpHandler - 

Request DefaultHttpRequest(decodeResult: success, version: HTTP/1.1)
POST /session/f0536c47d7c7dd30d28c84b61fe3e602/window/maximize HTTP/1.1
User-Agent: selenium/4.2.1 (java windows)
Content-Length: 3
Content-Type: application/json; charset=utf-8
host: localhost:57076
accept: */*

Response DefaultHttpResponse(decodeResult: success, version: HTTP/1.1)
HTTP/1.1 200 OK
Content-Type: application/json; charset=utf-8
cache-control: no-cache
content-length: 51

10:06:01.088 [AsyncHttpClient-1-5] DEBUG org.asynchttpclient.netty.channel.ChannelManager - Adding key: http://localhost:57076 for channel [id: 0xb73e6e40, L:/127.0.0.1:56873 - R:localhost/127.0.0.1:57076]
10:06:01.092 [Forwarding setTimeout on session f0536c47d7c7dd30d28c84b61fe3e602 to remote] DEBUG org.asynchttpclient.netty.request.NettyRequestSender - Using pooled Channel '[id: 0xb73e6e40, L:/127.0.0.1:56873 - R:localhost/127.0.0.1:57076]' for 'POST' to 'http://localhost:57076/session/f0536c47d7c7dd30d28c84b61fe3e602/timeouts'
10:06:01.093 [Forwarding setTimeout on session f0536c47d7c7dd30d28c84b61fe3e602 to remote] DEBUG org.asynchttpclient.netty.request.NettyRequestSender - Using open Channel [id: 0xb73e6e40, L:/127.0.0.1:56873 - R:localhost/127.0.0.1:57076] for POST '/session/f0536c47d7c7dd30d28c84b61fe3e602/timeouts'
10:06:01.095 [AsyncHttpClient-1-5] DEBUG org.asynchttpclient.netty.handler.HttpHandler - 

Request DefaultHttpRequest(decodeResult: success, version: HTTP/1.1)
POST /session/f0536c47d7c7dd30d28c84b61fe3e602/timeouts HTTP/1.1
User-Agent: selenium/4.2.1 (java windows)
Content-Length: 22
Content-Type: application/json; charset=utf-8
host: localhost:57076
accept: */*

Response DefaultHttpResponse(decodeResult: success, version: HTTP/1.1)
HTTP/1.1 200 OK
Content-Type: application/json; charset=utf-8
cache-control: no-cache
content-length: 14

10:06:01.095 [AsyncHttpClient-1-5] DEBUG org.asynchttpclient.netty.channel.ChannelManager - Adding key: http://localhost:57076 for channel [id: 0xb73e6e40, L:/127.0.0.1:56873 - R:localhost/127.0.0.1:57076]
10:06:01.638 [Forwarding get on session f0536c47d7c7dd30d28c84b61fe3e602 to remote] DEBUG org.asynchttpclient.netty.request.NettyRequestSender - Using pooled Channel '[id: 0xb73e6e40, L:/127.0.0.1:56873 - R:localhost/127.0.0.1:57076]' for 'POST' to 'http://localhost:57076/session/f0536c47d7c7dd30d28c84b61fe3e602/url'
10:06:01.639 [Forwarding get on session f0536c47d7c7dd30d28c84b61fe3e602 to remote] DEBUG org.asynchttpclient.netty.request.NettyRequestSender - Using open Channel [id: 0xb73e6e40, L:/127.0.0.1:56873 - R:localhost/127.0.0.1:57076] for POST '/session/f0536c47d7c7dd30d28c84b61fe3e602/url'
10:06:02.132 [AsyncHttpClient-1-1] DEBUG org.asynchttpclient.netty.channel.DefaultChannelPool - Entry count for : http://localhost:56874 : 1
10:06:02.134 [AsyncHttpClient-1-1] DEBUG org.asynchttpclient.netty.channel.DefaultChannelPool - Entry count for : http://localhost:57714 : 1
10:06:02.135 [AsyncHttpClient-1-1] DEBUG org.asynchttpclient.netty.channel.DefaultChannelPool - Entry count for : http://localhost:56831 : 1
10:06:02.568 [AsyncHttpClient-1-5] DEBUG org.asynchttpclient.netty.handler.HttpHandler - 

Request DefaultHttpRequest(decodeResult: success, version: HTTP/1.1)
POST /session/f0536c47d7c7dd30d28c84b61fe3e602/url HTTP/1.1
User-Agent: selenium/4.2.1 (java windows)
Content-Length: 65
Content-Type: application/json; charset=utf-8
host: localhost:57076
accept: */*

Response DefaultHttpResponse(decodeResult: success, version: HTTP/1.1)
HTTP/1.1 500 Internal Server Error
Content-Type: application/json; charset=utf-8
cache-control: no-cache
content-length: 1152

10:06:02.569 [AsyncHttpClient-1-5] DEBUG org.asynchttpclient.netty.channel.ChannelManager - Adding key: http://localhost:57076 for channel [id: 0xb73e6e40, L:/127.0.0.1:56873 - R:localhost/127.0.0.1:57076]
10:06:02.619 [ForkJoinPool-1-worker-1] INFO tests.base.Listener - Test testMobilePhoneReplenisment - FAILED
10:06:02.621 [ForkJoinPool-1-worker-1] INFO tests.base.Listener - Trying to trace screenshot...
10:06:02.630 [Forwarding screenshot on session f0536c47d7c7dd30d28c84b61fe3e602 to remote] DEBUG org.asynchttpclient.netty.request.NettyRequestSender - Using pooled Channel '[id: 0xb73e6e40, L:/127.0.0.1:56873 - R:localhost/127.0.0.1:57076]' for 'GET' to 'http://localhost:57076/session/f0536c47d7c7dd30d28c84b61fe3e602/screenshot'
10:06:02.630 [Forwarding screenshot on session f0536c47d7c7dd30d28c84b61fe3e602 to remote] DEBUG org.asynchttpclient.netty.request.NettyRequestSender - Using open Channel [id: 0xb73e6e40, L:/127.0.0.1:56873 - R:localhost/127.0.0.1:57076] for GET '/session/f0536c47d7c7dd30d28c84b61fe3e602/screenshot'
10:06:02.847 [AsyncHttpClient-1-5] DEBUG org.asynchttpclient.netty.handler.HttpHandler - 

Request DefaultFullHttpRequest(decodeResult: success, version: HTTP/1.1, content: EmptyByteBufBE)
GET /session/f0536c47d7c7dd30d28c84b61fe3e602/screenshot HTTP/1.1
User-Agent: selenium/4.2.1 (java windows)
Cache-Control: no-cache
Content-Type: application/json; charset=utf-8
host: localhost:57076
accept: */*

Response DefaultHttpResponse(decodeResult: success, version: HTTP/1.1)
HTTP/1.1 200 OK
Content-Type: application/json; charset=utf-8
cache-control: no-cache
content-length: 26912

10:06:02.848 [AsyncHttpClient-1-5] DEBUG org.asynchttpclient.netty.channel.ChannelManager - Adding key: http://localhost:57076 for channel [id: 0xb73e6e40, L:/127.0.0.1:56873 - R:localhost/127.0.0.1:57076]
10:06:02.923 [Forwarding screenshot on session f0536c47d7c7dd30d28c84b61fe3e602 to remote] DEBUG org.asynchttpclient.netty.request.NettyRequestSender - Using pooled Channel '[id: 0xb73e6e40, L:/127.0.0.1:56873 - R:localhost/127.0.0.1:57076]' for 'GET' to 'http://localhost:57076/session/f0536c47d7c7dd30d28c84b61fe3e602/screenshot'
10:06:02.924 [Forwarding screenshot on session f0536c47d7c7dd30d28c84b61fe3e602 to remote] DEBUG org.asynchttpclient.netty.request.NettyRequestSender - Using open Channel [id: 0xb73e6e40, L:/127.0.0.1:56873 - R:localhost/127.0.0.1:57076] for GET '/session/f0536c47d7c7dd30d28c84b61fe3e602/screenshot'
10:06:03.110 [AsyncHttpClient-1-5] DEBUG org.asynchttpclient.netty.handler.HttpHandler - 

Request DefaultFullHttpRequest(decodeResult: success, version: HTTP/1.1, content: EmptyByteBufBE)
GET /session/f0536c47d7c7dd30d28c84b61fe3e602/screenshot HTTP/1.1
User-Agent: selenium/4.2.1 (java windows)
Cache-Control: no-cache
Content-Type: application/json; charset=utf-8
host: localhost:57076
accept: */*

Response DefaultHttpResponse(decodeResult: success, version: HTTP/1.1)
HTTP/1.1 200 OK
Content-Type: application/json; charset=utf-8
cache-control: no-cache
content-length: 26912

10:06:03.111 [AsyncHttpClient-1-5] DEBUG org.asynchttpclient.netty.channel.ChannelManager - Adding key: http://localhost:57076 for channel [id: 0xb73e6e40, L:/127.0.0.1:56873 - R:localhost/127.0.0.1:57076]
]]></system-out>
    <system-err><![CDATA[Starting ChromeDriver 103.0.5060.53 (a1711811edd74ff1cf2150f36ffa3b0dae40b17f-refs/branch-heads/5060@{#853}) on port 57076
Only local connections are allowed.
Please see https://chromedriver.chromium.org/security-considerations for suggestions on keeping ChromeDriver safe.
ChromeDriver was started successfully.
Jul 04, 2022 10:06:00 AM org.openqa.selenium.remote.ProtocolHandshake createSession
INFO: Detected upstream dialect: W3C
Jul 04, 2022 10:06:00 AM org.openqa.selenium.devtools.CdpVersionFinder findNearestMatch
WARNING: Unable to find an exact match for CDP version 103, so returning the closest version found: 102
Jul 04, 2022 10:06:00 AM org.openqa.selenium.devtools.CdpVersionFinder findNearestMatch
INFO: Found CDP implementation for version 103 of 102
]]></system-err>
  </testcase>
</testsuite>